<?xml version="1.0" encoding="UTF-8"?>
<testsuite xmlns:xsi="http://www.w3.org/2001/XMLSchema-instance" xsi:noNamespaceSchemaLocation="https://maven.apache.org/surefire/maven-surefire-plugin/xsd/surefire-test-report-3.0.xsd" version="3.0" name="com.prueba.cliente_api.ClienteApiApplicationTests" time="4.381" tests="1" errors="0" skipped="0" failures="0">
  <properties>
[...]
</properties>
  <testcase name="contextLoads" classname="com.prueba.cliente_api.ClienteApiApplicationTests" time="1.217">
    <system-out><![CDATA[14:05:41.738 [main] INFO org.springframework.test.context.support.AnnotationConfigContextLoaderUtils -- Could not detect default configuration classes for test class [com.prueba.cliente_api.ClienteApiApplicationTests]: ClienteApiApplicationTests does not declare any static, non-private, non-final, nested classes annotated with @Configuration.
14:05:41.969 [main] INFO org.springframework.boot.test.context.SpringBootTestContextBootstrapper -- Found @SpringBootConfiguration com.prueba.cliente_api.ClienteApiApplication for test class com.prueba.cliente_api.ClienteApiApplicationTests
14:05:42.271 [main] INFO org.springframework.boot.devtools.restart.RestartApplicationListener -- Restart disabled due to context in which it is running

  .   ____          _            __ _ _
 /\\ / ___'_ __ _ _(_)_ __  __ _ \ \ \ \
( ( )\___ | '_ | '_| | '_ \/ _` | \ \ \ \
 \\/  ___)| |_)| | | | | || (_| |  ) ) ) )
  '  |____| .__|_| |_|_| |_\__, | / / / /
 =========|_|==============|___/=/_/_/_/
 :: Spring Boot ::                (v3.1.5)

2024-11-26 14:05:42 - Starting ClienteApiApplicationTests using Java 17.0.11 with PID 2136 (started by yohnb in C:\Users\yohnb\OneDrive\Escritorio\Prueba\cliente-api)
2024-11-26 14:05:42 - No active profile set, falling back to 1 default profile: "default"
2024-11-26 14:05:44 - Started ClienteApiApplicationTests in 2.385 seconds (process running for 3.895)
]]></system-out>
  </testcase>
</testsuite>